<?xml version="1.0" encoding="UTF-8"?>
<testsuite xmlns:xsi="http://www.w3.org/2001/XMLSchema-instance" xsi:noNamespaceSchemaLocation="https://maven.apache.org/surefire/maven-surefire-plugin/xsd/surefire-test-report-3.0.xsd" version="3.0" name="cat.itacademy.barcelonactiva.GarciaBarros.Pablo.s05.t02.n03.S05T02N03GarciaBarrosPabloApplicationTests" time="3.178" tests="1" errors="0" skipped="0" failures="0">
  <properties>
[...]
</properties>
  <testcase name="contextLoads" classname="cat.itacademy.barcelonactiva.GarciaBarros.Pablo.s05.t02.n03.S05T02N03GarciaBarrosPabloApplicationTests" time="0.004">
    <system-out><![CDATA[2023-06-02T20:30:34.465+02:00  INFO 2568 --- [           main] t.c.s.AnnotationConfigContextLoaderUtils : Could not detect default configuration classes for test class [cat.itacademy.barcelonactiva.GarciaBarros.Pablo.s05.t02.n03.S05T02N03GarciaBarrosPabloApplicationTests]: S05T02N03GarciaBarrosPabloApplicationTests does not declare any static, non-private, non-final, nested classes annotated with @Configuration.
2023-06-02T20:30:34.475+02:00  INFO 2568 --- [           main] .b.t.c.SpringBootTestContextBootstrapper : Found @SpringBootConfiguration cat.itacademy.barcelonactiva.GarciaBarros.Pablo.s05.t02.n03.S05T02N03GarciaBarrosPabloApplication for test class cat.itacademy.barcelonactiva.GarciaBarros.Pablo.s05.t02.n03.S05T02N03GarciaBarrosPabloApplicationTests

  .   ____          _            __ _ _
 /\\ / ___'_ __ _ _(_)_ __  __ _ \ \ \ \
( ( )\___ | '_ | '_| | '_ \/ _` | \ \ \ \
 \\/  ___)| |_)| | | | | || (_| |  ) ) ) )
  '  |____| .__|_| |_|_| |_\__, | / / / /
 =========|_|==============|___/=/_/_/_/
 :: Spring Boot ::                (v3.1.0)

2023-06-02T20:30:34.520+02:00  INFO 2568 --- [           main] 5T02N03GarciaBarrosPabloApplicationTests : Starting S05T02N03GarciaBarrosPabloApplicationTests using Java 19.0.2 with PID 2568 (started by pgarc in C:\Users\pgarc\eclipse-workspace\S05T02N03GarciaBarrosPablo)
2023-06-02T20:30:34.520+02:00  INFO 2568 --- [           main] 5T02N03GarciaBarrosPabloApplicationTests : No active profile set, falling back to 1 default profile: "default"
2023-06-02T20:30:34.804+02:00  INFO 2568 --- [           main] .s.d.r.c.RepositoryConfigurationDelegate : Multiple Spring Data modules found, entering strict repository configuration mode
2023-06-02T20:30:34.805+02:00  INFO 2568 --- [           main] .s.d.r.c.RepositoryConfigurationDelegate : Bootstrapping Spring Data JPA repositories in DEFAULT mode.
2023-06-02T20:30:34.829+02:00  INFO 2568 --- [           main] .RepositoryConfigurationExtensionSupport : Spring Data JPA - Could not safely identify store assignment for repository candidate interface cat.itacademy.barcelonactiva.GarciaBarros.Pablo.s05.t02.n03.repository.IDiceRollMongoDB; If you want this repository to be a JPA repository, consider annotating your entities with one of these annotations: jakarta.persistence.Entity, jakarta.persistence.MappedSuperclass (preferred), or consider extending one of the following types with your repository: org.springframework.data.jpa.repository.JpaRepository
2023-06-02T20:30:34.840+02:00  INFO 2568 --- [           main] .RepositoryConfigurationExtensionSupport : Spring Data JPA - Could not safely identify store assignment for repository candidate interface cat.itacademy.barcelonactiva.GarciaBarros.Pablo.s05.t02.n03.repository.IPlayerMongoDB; If you want this repository to be a JPA repository, consider annotating your entities with one of these annotations: jakarta.persistence.Entity, jakarta.persistence.MappedSuperclass (preferred), or consider extending one of the following types with your repository: org.springframework.data.jpa.repository.JpaRepository
2023-06-02T20:30:34.859+02:00  INFO 2568 --- [           main] .s.d.r.c.RepositoryConfigurationDelegate : Finished Spring Data repository scanning in 46 ms. Found 4 JPA repository interfaces.
2023-06-02T20:30:34.890+02:00  INFO 2568 --- [           main] .s.d.r.c.RepositoryConfigurationDelegate : Multiple Spring Data modules found, entering strict repository configuration mode
2023-06-02T20:30:34.890+02:00  INFO 2568 --- [           main] .s.d.r.c.RepositoryConfigurationDelegate : Bootstrapping Spring Data Reactive MongoDB repositories in DEFAULT mode.
2023-06-02T20:30:34.896+02:00  INFO 2568 --- [           main] .RepositoryConfigurationExtensionSupport : Spring Data Reactive MongoDB - Could not safely identify store assignment for repository candidate interface cat.itacademy.barcelonactiva.GarciaBarros.Pablo.s05.t02.n03.repository.IDiceRollMySQL; If you want this repository to be a Reactive MongoDB repository, consider annotating your entities with one of these annotations: org.springframework.data.mongodb.core.mapping.Document (preferred), or consider extending one of the following types with your repository: org.springframework.data.mongodb.repository.ReactiveMongoRepository
2023-06-02T20:30:34.896+02:00  INFO 2568 --- [           main] .RepositoryConfigurationExtensionSupport : Spring Data Reactive MongoDB - Could not safely identify store assignment for repository candidate interface cat.itacademy.barcelonactiva.GarciaBarros.Pablo.s05.t02.n03.repository.ILoginUser; If you want this repository to be a Reactive MongoDB repository, consider annotating your entities with one of these annotations: org.springframework.data.mongodb.core.mapping.Document (preferred), or consider extending one of the following types with your repository: org.springframework.data.mongodb.repository.ReactiveMongoRepository
2023-06-02T20:30:34.896+02:00  INFO 2568 --- [           main] .RepositoryConfigurationExtensionSupport : Spring Data Reactive MongoDB - Could not safely identify store assignment for repository candidate interface cat.itacademy.barcelonactiva.GarciaBarros.Pablo.s05.t02.n03.repository.IPlayerMySQL; If you want this repository to be a Reactive MongoDB repository, consider annotating your entities with one of these annotations: org.springframework.data.mongodb.core.mapping.Document (preferred), or consider extending one of the following types with your repository: org.springframework.data.mongodb.repository.ReactiveMongoRepository
2023-06-02T20:30:34.897+02:00  INFO 2568 --- [           main] .RepositoryConfigurationExtensionSupport : Spring Data Reactive MongoDB - Could not safely identify store assignment for repository candidate interface cat.itacademy.barcelonactiva.GarciaBarros.Pablo.s05.t02.n03.repository.IUserRoles; If you want this repository to be a Reactive MongoDB repository, consider annotating your entities with one of these annotations: org.springframework.data.mongodb.core.mapping.Document (preferred), or consider extending one of the following types with your repository: org.springframework.data.mongodb.repository.ReactiveMongoRepository
2023-06-02T20:30:34.897+02:00  INFO 2568 --- [           main] .s.d.r.c.RepositoryConfigurationDelegate : Finished Spring Data repository scanning in 5 ms. Found 0 Reactive MongoDB repository interfaces.
2023-06-02T20:30:34.902+02:00  INFO 2568 --- [           main] .s.d.r.c.RepositoryConfigurationDelegate : Multiple Spring Data modules found, entering strict repository configuration mode
2023-06-02T20:30:34.902+02:00  INFO 2568 --- [           main] .s.d.r.c.RepositoryConfigurationDelegate : Bootstrapping Spring Data MongoDB repositories in DEFAULT mode.
2023-06-02T20:30:34.906+02:00  INFO 2568 --- [           main] .RepositoryConfigurationExtensionSupport : Spring Data MongoDB - Could not safely identify store assignment for repository candidate interface cat.itacademy.barcelonactiva.GarciaBarros.Pablo.s05.t02.n03.repository.IDiceRollMySQL; If you want this repository to be a MongoDB repository, consider annotating your entities with one of these annotations: org.springframework.data.mongodb.core.mapping.Document (preferred), or consider extending one of the following types with your repository: org.springframework.data.mongodb.repository.MongoRepository
2023-06-02T20:30:34.907+02:00  INFO 2568 --- [           main] .RepositoryConfigurationExtensionSupport : Spring Data MongoDB - Could not safely identify store assignment for repository candidate interface cat.itacademy.barcelonactiva.GarciaBarros.Pablo.s05.t02.n03.repository.ILoginUser; If you want this repository to be a MongoDB repository, consider annotating your entities with one of these annotations: org.springframework.data.mongodb.core.mapping.Document (preferred), or consider extending one of the following types with your repository: org.springframework.data.mongodb.repository.MongoRepository
2023-06-02T20:30:34.907+02:00  INFO 2568 --- [           main] .RepositoryConfigurationExtensionSupport : Spring Data MongoDB - Could not safely identify store assignment for repository candidate interface cat.itacademy.barcelonactiva.GarciaBarros.Pablo.s05.t02.n03.repository.IPlayerMySQL; If you want this repository to be a MongoDB repository, consider annotating your entities with one of these annotations: org.springframework.data.mongodb.core.mapping.Document (preferred), or consider extending one of the following types with your repository: org.springframework.data.mongodb.repository.MongoRepository
2023-06-02T20:30:34.907+02:00  INFO 2568 --- [           main] .RepositoryConfigurationExtensionSupport : Spring Data MongoDB - Could not safely identify store assignment for repository candidate interface cat.itacademy.barcelonactiva.GarciaBarros.Pablo.s05.t02.n03.repository.IUserRoles; If you want this repository to be a MongoDB repository, consider annotating your entities with one of these annotations: org.springframework.data.mongodb.core.mapping.Document (preferred), or consider extending one of the following types with your repository: org.springframework.data.mongodb.repository.MongoRepository
2023-06-02T20:30:34.911+02:00  INFO 2568 --- [           main] .s.d.r.c.RepositoryConfigurationDelegate : Finished Spring Data repository scanning in 8 ms. Found 2 MongoDB repository interfaces.
2023-06-02T20:30:35.162+02:00  INFO 2568 --- [           main] o.hibernate.jpa.internal.util.LogHelper  : HHH000204: Processing PersistenceUnitInfo [name: default]
2023-06-02T20:30:35.206+02:00  INFO 2568 --- [           main] org.hibernate.Version                    : HHH000412: Hibernate ORM core version 6.2.2.Final
2023-06-02T20:30:35.208+02:00  INFO 2568 --- [           main] org.hibernate.cfg.Environment            : HHH000406: Using bytecode reflection optimizer
2023-06-02T20:30:35.314+02:00  INFO 2568 --- [           main] o.h.b.i.BytecodeProviderInitiator        : HHH000021: Bytecode provider name : bytebuddy
2023-06-02T20:30:35.325+02:00  INFO 2568 --- [           main] o.s.o.j.p.SpringPersistenceUnitInfo      : No LoadTimeWeaver setup: ignoring JPA class transformer
2023-06-02T20:30:35.338+02:00  INFO 2568 --- [           main] com.zaxxer.hikari.HikariDataSource       : HikariPool-1 - Starting...
2023-06-02T20:30:35.589+02:00  INFO 2568 --- [           main] com.zaxxer.hikari.pool.HikariPool        : HikariPool-1 - Added connection com.mysql.cj.jdbc.ConnectionImpl@1259b2a5
2023-06-02T20:30:35.590+02:00  INFO 2568 --- [           main] com.zaxxer.hikari.HikariDataSource       : HikariPool-1 - Start completed.
2023-06-02T20:30:35.641+02:00  INFO 2568 --- [           main] org.hibernate.orm.dialect                : HHH035001: Using dialect: org.hibernate.dialect.MySQLDialect, version: 8.0.32
2023-06-02T20:30:35.876+02:00  INFO 2568 --- [           main] o.h.b.i.BytecodeProviderInitiator        : HHH000021: Bytecode provider name : bytebuddy
2023-06-02T20:30:36.114+02:00  INFO 2568 --- [           main] o.h.m.i.EntityInstantiatorPojoStandard   : HHH000182: No default (no-argument) constructor for class: cat.itacademy.barcelonactiva.GarciaBarros.Pablo.s05.t02.n03.domain.DiceRollMySQL (class must be instantiated by Interceptor)
2023-06-02T20:30:36.266+02:00  INFO 2568 --- [           main] o.h.e.t.j.p.i.JtaPlatformInitiator       : HHH000490: Using JtaPlatform implementation: [org.hibernate.engine.transaction.jta.platform.internal.NoJtaPlatform]
2023-06-02T20:30:36.340+02:00  INFO 2568 --- [           main] j.LocalContainerEntityManagerFactoryBean : Initialized JPA EntityManagerFactory for persistence unit 'default'
2023-06-02T20:30:36.672+02:00  INFO 2568 --- [           main] o.s.d.j.r.query.QueryEnhancerFactory     : Hibernate is in classpath; If applicable, HQL parser will be used.
2023-06-02T20:30:37.206+02:00  INFO 2568 --- [           main] org.mongodb.driver.client                : MongoClient with metadata {"driver": {"name": "mongo-java-driver|sync|spring-boot", "version": "4.9.1"}, "os": {"type": "Windows", "name": "Windows 11", "architecture": "amd64", "version": "10.0"}, "platform": "Java/Oracle Corporation/19.0.2+7-44"} created with settings MongoClientSettings{readPreference=primary, writeConcern=WriteConcern{w=null, wTimeout=null ms, journal=null}, retryWrites=true, retryReads=true, readConcern=ReadConcern{level=null}, credential=null, streamFactoryFactory=null, commandListeners=[], codecRegistry=ProvidersCodecRegistry{codecProviders=[ValueCodecProvider{}, BsonValueCodecProvider{}, DBRefCodecProvider{}, DBObjectCodecProvider{}, DocumentCodecProvider{}, CollectionCodecProvider{}, IterableCodecProvider{}, MapCodecProvider{}, GeoJsonCodecProvider{}, GridFSFileCodecProvider{}, Jsr310CodecProvider{}, JsonObjectCodecProvider{}, BsonCodecProvider{}, EnumCodecProvider{}, com.mongodb.client.model.mql.ExpressionCodecProvider@2360c312, com.mongodb.Jep395RecordCodecProvider@3d65e8c5]}, loggerSettings=LoggerSettings{maxDocumentLength=1000}, clusterSettings={hosts=[localhost:27017], srvServiceName=mongodb, mode=SINGLE, requiredClusterType=UNKNOWN, requiredReplicaSetName='null', serverSelector='null', clusterListeners='[]', serverSelectionTimeout='30000 ms', localThreshold='30000 ms'}, socketSettings=SocketSettings{connectTimeoutMS=10000, readTimeoutMS=0, receiveBufferSize=0, sendBufferSize=0}, heartbeatSocketSettings=SocketSettings{connectTimeoutMS=10000, readTimeoutMS=10000, receiveBufferSize=0, sendBufferSize=0}, connectionPoolSettings=ConnectionPoolSettings{maxSize=100, minSize=0, maxWaitTimeMS=120000, maxConnectionLifeTimeMS=0, maxConnectionIdleTimeMS=0, maintenanceInitialDelayMS=0, maintenanceFrequencyMS=60000, connectionPoolListeners=[], maxConnecting=2}, serverSettings=ServerSettings{heartbeatFrequencyMS=10000, minHeartbeatFrequencyMS=500, serverListeners='[]', serverMonitorListeners='[]'}, sslSettings=SslSettings{enabled=false, invalidHostNameAllowed=false, context=null}, applicationName='null', compressorList=[], uuidRepresentation=JAVA_LEGACY, serverApi=null, autoEncryptionSettings=null, contextProvider=null}
2023-06-02T20:30:37.217+02:00  INFO 2568 --- [localhost:27017] org.mongodb.driver.cluster               : Monitor thread successfully connected to server with description ServerDescription{address=localhost:27017, type=STANDALONE, state=CONNECTED, ok=true, minWireVersion=0, maxWireVersion=17, maxDocumentSize=16777216, logicalSessionTimeoutMinutes=30, roundTripTimeNanos=19325500}
2023-06-02T20:30:37.390+02:00  WARN 2568 --- [           main] JpaBaseConfiguration$JpaWebConfiguration : spring.jpa.open-in-view is enabled by default. Therefore, database queries may be performed during view rendering. Explicitly configure spring.jpa.open-in-view to disable this warning
2023-06-02T20:30:37.452+02:00  INFO 2568 --- [           main] o.s.s.web.DefaultSecurityFilterChain     : Will secure any request with [org.springframework.security.web.session.DisableEncodeUrlFilter@10ea1754, org.springframework.security.web.context.request.async.WebAsyncManagerIntegrationFilter@4c14b1bd, org.springframework.security.web.context.SecurityContextHolderFilter@56567e9b, org.springframework.security.web.header.HeaderWriterFilter@3f6f5e03, org.springframework.security.web.authentication.logout.LogoutFilter@2683fbab, cat.itacademy.barcelonactiva.GarciaBarros.Pablo.s05.t02.n03.security.JwtAuthenticationFilter@44f2d195, org.springframework.security.web.authentication.www.BasicAuthenticationFilter@290def7d, org.springframework.security.web.savedrequest.RequestCacheAwareFilter@130cad14, org.springframework.security.web.servletapi.SecurityContextHolderAwareRequestFilter@7edc785e, org.springframework.security.web.authentication.AnonymousAuthenticationFilter@110ed523, org.springframework.security.web.session.SessionManagementFilter@438fc55e, org.springframework.security.web.access.ExceptionTranslationFilter@24f6375b, org.springframework.security.web.access.intercept.AuthorizationFilter@4d121ab6]
2023-06-02T20:30:37.579+02:00  INFO 2568 --- [           main] org.mongodb.driver.client                : MongoClient with metadata {"driver": {"name": "mongo-java-driver|reactive-streams|spring-boot", "version": "4.9.1"}, "os": {"type": "Windows", "name": "Windows 11", "architecture": "amd64", "version": "10.0"}, "platform": "Java/Oracle Corporation/19.0.2+7-44"} created with settings MongoClientSettings{readPreference=primary, writeConcern=WriteConcern{w=null, wTimeout=null ms, journal=null}, retryWrites=true, retryReads=true, readConcern=ReadConcern{level=null}, credential=null, streamFactoryFactory=null, commandListeners=[], codecRegistry=ProvidersCodecRegistry{codecProviders=[ValueCodecProvider{}, BsonValueCodecProvider{}, DBRefCodecProvider{}, DBObjectCodecProvider{}, DocumentCodecProvider{}, CollectionCodecProvider{}, IterableCodecProvider{}, MapCodecProvider{}, GeoJsonCodecProvider{}, GridFSFileCodecProvider{}, Jsr310CodecProvider{}, JsonObjectCodecProvider{}, BsonCodecProvider{}, EnumCodecProvider{}, com.mongodb.client.model.mql.ExpressionCodecProvider@2360c312, com.mongodb.Jep395RecordCodecProvider@3d65e8c5]}, loggerSettings=LoggerSettings{maxDocumentLength=1000}, clusterSettings={hosts=[localhost:27017], srvServiceName=mongodb, mode=SINGLE, requiredClusterType=UNKNOWN, requiredReplicaSetName='null', serverSelector='null', clusterListeners='[]', serverSelectionTimeout='30000 ms', localThreshold='30000 ms'}, socketSettings=SocketSettings{connectTimeoutMS=10000, readTimeoutMS=0, receiveBufferSize=0, sendBufferSize=0}, heartbeatSocketSettings=SocketSettings{connectTimeoutMS=10000, readTimeoutMS=10000, receiveBufferSize=0, sendBufferSize=0}, connectionPoolSettings=ConnectionPoolSettings{maxSize=100, minSize=0, maxWaitTimeMS=120000, maxConnectionLifeTimeMS=0, maxConnectionIdleTimeMS=0, maintenanceInitialDelayMS=0, maintenanceFrequencyMS=60000, connectionPoolListeners=[], maxConnecting=2}, serverSettings=ServerSettings{heartbeatFrequencyMS=10000, minHeartbeatFrequencyMS=500, serverListeners='[]', serverMonitorListeners='[]'}, sslSettings=SslSettings{enabled=false, invalidHostNameAllowed=false, context=null}, applicationName='null', compressorList=[], uuidRepresentation=JAVA_LEGACY, serverApi=null, autoEncryptionSettings=null, contextProvider=null}
2023-06-02T20:30:37.580+02:00  INFO 2568 --- [localhost:27017] org.mongodb.driver.cluster               : Monitor thread successfully connected to server with description ServerDescription{address=localhost:27017, type=STANDALONE, state=CONNECTED, ok=true, minWireVersion=0, maxWireVersion=17, maxDocumentSize=16777216, logicalSessionTimeoutMinutes=30, roundTripTimeNanos=3989500}
2023-06-02T20:30:37.633+02:00  INFO 2568 --- [           main] 5T02N03GarciaBarrosPabloApplicationTests : Started S05T02N03GarciaBarrosPabloApplicationTests in 3.143 seconds (process running for 6.963)
]]></system-out>
  </testcase>
</testsuite>