<?xml version="1.0" encoding="UTF-8"?>
<testsuite xmlns:xsi="http://www.w3.org/2001/XMLSchema-instance" xsi:noNamespaceSchemaLocation="https://maven.apache.org/surefire/maven-surefire-plugin/xsd/surefire-test-report-3.0.xsd" version="3.0" name="cat.itacademy.barcelonactiva.GarciaBarros.Pablo.s05.t02.n03.repository.MySQLTest" time="4.45" tests="9" errors="0" skipped="0" failures="0">
  <properties>
[...]
</properties>
  <testcase name="newDiceRollTest" classname="cat.itacademy.barcelonactiva.GarciaBarros.Pablo.s05.t02.n03.repository.MySQLTest" time="0.559">
    <system-out><![CDATA[13:21:58.360 [main] INFO org.springframework.test.context.support.AnnotationConfigContextLoaderUtils -- Could not detect default configuration classes for test class [cat.itacademy.barcelonactiva.GarciaBarros.Pablo.s05.t02.n03.repository.MySQLTest]: MySQLTest does not declare any static, non-private, non-final, nested classes annotated with @Configuration.
13:21:58.467 [main] INFO org.springframework.boot.test.context.SpringBootTestContextBootstrapper -- Found @SpringBootConfiguration cat.itacademy.barcelonactiva.GarciaBarros.Pablo.s05.t02.n03.S05T02N03GarciaBarrosPabloApplication for test class cat.itacademy.barcelonactiva.GarciaBarros.Pablo.s05.t02.n03.repository.MySQLTest

  .   ____          _            __ _ _
 /\\ / ___'_ __ _ _(_)_ __  __ _ \ \ \ \
( ( )\___ | '_ | '_| | '_ \/ _` | \ \ \ \
 \\/  ___)| |_)| | | | | || (_| |  ) ) ) )
  '  |____| .__|_| |_|_| |_\__, | / / / /
 =========|_|==============|___/=/_/_/_/
 :: Spring Boot ::                (v3.1.2)

2023-07-29T13:21:58.826+02:00  INFO 14692 --- [           main] c.i.b.G.P.s.t.n03.repository.MySQLTest   : Starting MySQLTest using Java 19.0.2 with PID 14692 (started by pgarc in C:\Users\pgarc\eclipse-workspace\Sprint05-02-JuegoDeDados\S05T02N03GarciaBarrosPablo)
2023-07-29T13:21:58.827+02:00  INFO 14692 --- [           main] c.i.b.G.P.s.t.n03.repository.MySQLTest   : No active profile set, falling back to 1 default profile: "default"
2023-07-29T13:21:59.180+02:00  INFO 14692 --- [           main] .s.d.r.c.RepositoryConfigurationDelegate : Multiple Spring Data modules found, entering strict repository configuration mode
2023-07-29T13:21:59.181+02:00  INFO 14692 --- [           main] .s.d.r.c.RepositoryConfigurationDelegate : Bootstrapping Spring Data JPA repositories in DEFAULT mode.
2023-07-29T13:21:59.220+02:00  INFO 14692 --- [           main] .RepositoryConfigurationExtensionSupport : Spring Data JPA - Could not safely identify store assignment for repository candidate interface cat.itacademy.barcelonactiva.GarciaBarros.Pablo.s05.t02.n03.repository.IDiceRollMongoDB; If you want this repository to be a JPA repository, consider annotating your entities with one of these annotations: jakarta.persistence.Entity, jakarta.persistence.MappedSuperclass (preferred), or consider extending one of the following types with your repository: org.springframework.data.jpa.repository.JpaRepository
2023-07-29T13:21:59.292+02:00  INFO 14692 --- [           main] .RepositoryConfigurationExtensionSupport : Spring Data JPA - Could not safely identify store assignment for repository candidate interface cat.itacademy.barcelonactiva.GarciaBarros.Pablo.s05.t02.n03.repository.IPlayerMongoDB; If you want this repository to be a JPA repository, consider annotating your entities with one of these annotations: jakarta.persistence.Entity, jakarta.persistence.MappedSuperclass (preferred), or consider extending one of the following types with your repository: org.springframework.data.jpa.repository.JpaRepository
2023-07-29T13:21:59.318+02:00  INFO 14692 --- [           main] .s.d.r.c.RepositoryConfigurationDelegate : Finished Spring Data repository scanning in 130 ms. Found 4 JPA repository interfaces.
2023-07-29T13:21:59.361+02:00  INFO 14692 --- [           main] beddedDataSourceBeanFactoryPostProcessor : Replacing 'dataSource' DataSource bean with embedded version
2023-07-29T13:21:59.552+02:00  INFO 14692 --- [           main] o.s.j.d.e.EmbeddedDatabaseFactory        : Starting embedded database: url='jdbc:h2:mem:780954b5-a057-42f2-b8e5-571d94d9e03f;DB_CLOSE_DELAY=-1;DB_CLOSE_ON_EXIT=false', username='sa'
2023-07-29T13:21:59.777+02:00  INFO 14692 --- [           main] o.hibernate.jpa.internal.util.LogHelper  : HHH000204: Processing PersistenceUnitInfo [name: default]
2023-07-29T13:21:59.820+02:00  INFO 14692 --- [           main] org.hibernate.Version                    : HHH000412: Hibernate ORM core version 6.2.6.Final
2023-07-29T13:21:59.822+02:00  INFO 14692 --- [           main] org.hibernate.cfg.Environment            : HHH000406: Using bytecode reflection optimizer
2023-07-29T13:21:59.914+02:00  INFO 14692 --- [           main] o.h.b.i.BytecodeProviderInitiator        : HHH000021: Bytecode provider name : bytebuddy
2023-07-29T13:22:00.042+02:00  INFO 14692 --- [           main] o.s.o.j.p.SpringPersistenceUnitInfo      : No LoadTimeWeaver setup: ignoring JPA class transformer
2023-07-29T13:22:00.294+02:00  INFO 14692 --- [           main] o.h.b.i.BytecodeProviderInitiator        : HHH000021: Bytecode provider name : bytebuddy
2023-07-29T13:22:00.861+02:00  INFO 14692 --- [           main] o.h.e.t.j.p.i.JtaPlatformInitiator       : HHH000490: Using JtaPlatform implementation: [org.hibernate.engine.transaction.jta.platform.internal.NoJtaPlatform]
Hibernate: create table dice_roll (id_game integer generated by default as identity, first_roll integer, id_player integer, second_roll integer, win boolean, primary key (id_game))
Hibernate: create table player (id_player integer generated by default as identity, player_name varchar(255), registration_date timestamp(6), success_rate float(24), primary key (id_player))
Hibernate: create table roles (id integer generated by default as identity, name_rol varchar(255), primary key (id))
Hibernate: create table user_roles (user_id integer not null, rol_id integer not null)
Hibernate: create table users (id integer generated by default as identity, password varchar(255), username varchar(255), primary key (id))
Hibernate: alter table if exists player drop constraint if exists UK_m29ypr1y2a248u9xlb9dc7k6x
Hibernate: alter table if exists player add constraint UK_m29ypr1y2a248u9xlb9dc7k6x unique (player_name)
Hibernate: alter table if exists user_roles add constraint FKhibwdx7x4plssg6prkfvc3qv2 foreign key (rol_id) references roles
Hibernate: alter table if exists user_roles add constraint FKhfh9dx7w3ubf1co1vdev94g3f foreign key (user_id) references users
2023-07-29T13:22:00.911+02:00  INFO 14692 --- [           main] j.LocalContainerEntityManagerFactoryBean : Initialized JPA EntityManagerFactory for persistence unit 'default'
2023-07-29T13:22:01.292+02:00  INFO 14692 --- [           main] o.s.d.j.r.query.QueryEnhancerFactory     : Hibernate is in classpath; If applicable, HQL parser will be used.
2023-07-29T13:22:01.833+02:00  INFO 14692 --- [           main] c.i.b.G.P.s.t.n03.repository.MySQLTest   : Started MySQLTest in 3.305 seconds (process running for 4.169)
Hibernate: insert into player (player_name,registration_date,success_rate,id_player) values (?,?,?,default)
Hibernate: insert into player (player_name,registration_date,success_rate,id_player) values (?,?,?,default)
Hibernate: insert into player (player_name,registration_date,success_rate,id_player) values (?,?,?,default)
Hibernate: insert into player (player_name,registration_date,success_rate,id_player) values (?,?,?,default)
Hibernate: insert into dice_roll (first_roll,id_player,second_roll,win,id_game) values (?,?,?,?,default)
Hibernate: insert into dice_roll (first_roll,id_player,second_roll,win,id_game) values (?,?,?,?,default)
Hibernate: insert into dice_roll (first_roll,id_player,second_roll,win,id_game) values (?,?,?,?,default)
Hibernate: insert into dice_roll (first_roll,id_player,second_roll,win,id_game) values (?,?,?,?,default)
Hibernate: insert into dice_roll (first_roll,id_player,second_roll,win,id_game) values (?,?,?,?,default)
Hibernate: insert into dice_roll (first_roll,id_player,second_roll,win,id_game) values (?,?,?,?,default)
Hibernate: insert into dice_roll (first_roll,id_player,second_roll,win,id_game) values (?,?,?,?,default)
Hibernate: insert into dice_roll (first_roll,id_player,second_roll,win,id_game) values (?,?,?,?,default)
Hibernate: insert into dice_roll (first_roll,id_player,second_roll,win,id_game) values (?,?,?,?,default)
Hibernate: insert into dice_roll (first_roll,id_player,second_roll,win,id_game) values (?,?,?,?,default)
Hibernate: insert into dice_roll (first_roll,id_player,second_roll,win,id_game) values (?,?,?,?,default)
Hibernate: select p1_0.id_player,p1_0.player_name,p1_0.registration_date,p1_0.success_rate from player p1_0
Hibernate: select d1_0.id_game,d1_0.first_roll,d1_0.id_player,d1_0.second_roll,d1_0.win from dice_roll d1_0
]]></system-out>
  </testcase>
  <testcase name="updateNameTest" classname="cat.itacademy.barcelonactiva.GarciaBarros.Pablo.s05.t02.n03.repository.MySQLTest" time="0.034">
    <system-out><![CDATA[Hibernate: insert into player (player_name,registration_date,success_rate,id_player) values (?,?,?,default)
Hibernate: insert into player (player_name,registration_date,success_rate,id_player) values (?,?,?,default)
Hibernate: insert into player (player_name,registration_date,success_rate,id_player) values (?,?,?,default)
Hibernate: insert into player (player_name,registration_date,success_rate,id_player) values (?,?,?,default)
Hibernate: insert into dice_roll (first_roll,id_player,second_roll,win,id_game) values (?,?,?,?,default)
Hibernate: insert into dice_roll (first_roll,id_player,second_roll,win,id_game) values (?,?,?,?,default)
Hibernate: insert into dice_roll (first_roll,id_player,second_roll,win,id_game) values (?,?,?,?,default)
Hibernate: insert into dice_roll (first_roll,id_player,second_roll,win,id_game) values (?,?,?,?,default)
Hibernate: insert into dice_roll (first_roll,id_player,second_roll,win,id_game) values (?,?,?,?,default)
Hibernate: insert into dice_roll (first_roll,id_player,second_roll,win,id_game) values (?,?,?,?,default)
Hibernate: insert into dice_roll (first_roll,id_player,second_roll,win,id_game) values (?,?,?,?,default)
Hibernate: insert into dice_roll (first_roll,id_player,second_roll,win,id_game) values (?,?,?,?,default)
Hibernate: insert into dice_roll (first_roll,id_player,second_roll,win,id_game) values (?,?,?,?,default)
Hibernate: insert into dice_roll (first_roll,id_player,second_roll,win,id_game) values (?,?,?,?,default)
Hibernate: select p1_0.id_player,p1_0.player_name,p1_0.registration_date,p1_0.success_rate from player p1_0
Hibernate: update player set player_name=?,registration_date=?,success_rate=? where id_player=?
Hibernate: select p1_0.id_player,p1_0.player_name,p1_0.registration_date,p1_0.success_rate from player p1_0
Hibernate: select d1_0.id_game,d1_0.first_roll,d1_0.id_player,d1_0.second_roll,d1_0.win from dice_roll d1_0
]]></system-out>
  </testcase>
  <testcase name="newPlayerTest" classname="cat.itacademy.barcelonactiva.GarciaBarros.Pablo.s05.t02.n03.repository.MySQLTest" time="0.017">
    <system-out><![CDATA[Hibernate: insert into player (player_name,registration_date,success_rate,id_player) values (?,?,?,default)
Hibernate: insert into player (player_name,registration_date,success_rate,id_player) values (?,?,?,default)
Hibernate: insert into player (player_name,registration_date,success_rate,id_player) values (?,?,?,default)
Hibernate: insert into player (player_name,registration_date,success_rate,id_player) values (?,?,?,default)
Hibernate: insert into dice_roll (first_roll,id_player,second_roll,win,id_game) values (?,?,?,?,default)
Hibernate: insert into dice_roll (first_roll,id_player,second_roll,win,id_game) values (?,?,?,?,default)
Hibernate: insert into dice_roll (first_roll,id_player,second_roll,win,id_game) values (?,?,?,?,default)
Hibernate: insert into dice_roll (first_roll,id_player,second_roll,win,id_game) values (?,?,?,?,default)
Hibernate: insert into dice_roll (first_roll,id_player,second_roll,win,id_game) values (?,?,?,?,default)
Hibernate: insert into dice_roll (first_roll,id_player,second_roll,win,id_game) values (?,?,?,?,default)
Hibernate: insert into dice_roll (first_roll,id_player,second_roll,win,id_game) values (?,?,?,?,default)
Hibernate: insert into dice_roll (first_roll,id_player,second_roll,win,id_game) values (?,?,?,?,default)
Hibernate: insert into dice_roll (first_roll,id_player,second_roll,win,id_game) values (?,?,?,?,default)
Hibernate: insert into dice_roll (first_roll,id_player,second_roll,win,id_game) values (?,?,?,?,default)
Hibernate: insert into player (player_name,registration_date,success_rate,id_player) values (?,?,?,default)
Hibernate: select p1_0.id_player,p1_0.player_name,p1_0.registration_date,p1_0.success_rate from player p1_0
Hibernate: select d1_0.id_game,d1_0.first_roll,d1_0.id_player,d1_0.second_roll,d1_0.win from dice_roll d1_0
]]></system-out>
  </testcase>
  <testcase name="deleteDiceRollsTest" classname="cat.itacademy.barcelonactiva.GarciaBarros.Pablo.s05.t02.n03.repository.MySQLTest" time="0.062">
    <system-out><![CDATA[Hibernate: insert into player (player_name,registration_date,success_rate,id_player) values (?,?,?,default)
Hibernate: insert into player (player_name,registration_date,success_rate,id_player) values (?,?,?,default)
Hibernate: insert into player (player_name,registration_date,success_rate,id_player) values (?,?,?,default)
Hibernate: insert into player (player_name,registration_date,success_rate,id_player) values (?,?,?,default)
Hibernate: insert into dice_roll (first_roll,id_player,second_roll,win,id_game) values (?,?,?,?,default)
Hibernate: insert into dice_roll (first_roll,id_player,second_roll,win,id_game) values (?,?,?,?,default)
Hibernate: insert into dice_roll (first_roll,id_player,second_roll,win,id_game) values (?,?,?,?,default)
Hibernate: insert into dice_roll (first_roll,id_player,second_roll,win,id_game) values (?,?,?,?,default)
Hibernate: insert into dice_roll (first_roll,id_player,second_roll,win,id_game) values (?,?,?,?,default)
Hibernate: insert into dice_roll (first_roll,id_player,second_roll,win,id_game) values (?,?,?,?,default)
Hibernate: insert into dice_roll (first_roll,id_player,second_roll,win,id_game) values (?,?,?,?,default)
Hibernate: insert into dice_roll (first_roll,id_player,second_roll,win,id_game) values (?,?,?,?,default)
Hibernate: insert into dice_roll (first_roll,id_player,second_roll,win,id_game) values (?,?,?,?,default)
Hibernate: insert into dice_roll (first_roll,id_player,second_roll,win,id_game) values (?,?,?,?,default)
Hibernate: select p1_0.id_player,p1_0.player_name,p1_0.registration_date,p1_0.success_rate from player p1_0
Hibernate: delete from dice_roll where id_player=?
Hibernate: select count(*) from dice_roll d1_0 where d1_0.id_game=?
Hibernate: select p1_0.id_player,p1_0.player_name,p1_0.registration_date,p1_0.success_rate from player p1_0
Hibernate: select d1_0.id_game,d1_0.first_roll,d1_0.id_player,d1_0.second_roll,d1_0.win from dice_roll d1_0
]]></system-out>
  </testcase>
  <testcase name="getAllPlayersTest" classname="cat.itacademy.barcelonactiva.GarciaBarros.Pablo.s05.t02.n03.repository.MySQLTest" time="0.031">
    <system-out><![CDATA[Hibernate: insert into player (player_name,registration_date,success_rate,id_player) values (?,?,?,default)
Hibernate: insert into player (player_name,registration_date,success_rate,id_player) values (?,?,?,default)
Hibernate: insert into player (player_name,registration_date,success_rate,id_player) values (?,?,?,default)
Hibernate: insert into player (player_name,registration_date,success_rate,id_player) values (?,?,?,default)
Hibernate: insert into dice_roll (first_roll,id_player,second_roll,win,id_game) values (?,?,?,?,default)
Hibernate: insert into dice_roll (first_roll,id_player,second_roll,win,id_game) values (?,?,?,?,default)
Hibernate: insert into dice_roll (first_roll,id_player,second_roll,win,id_game) values (?,?,?,?,default)
Hibernate: insert into dice_roll (first_roll,id_player,second_roll,win,id_game) values (?,?,?,?,default)
Hibernate: insert into dice_roll (first_roll,id_player,second_roll,win,id_game) values (?,?,?,?,default)
Hibernate: insert into dice_roll (first_roll,id_player,second_roll,win,id_game) values (?,?,?,?,default)
Hibernate: insert into dice_roll (first_roll,id_player,second_roll,win,id_game) values (?,?,?,?,default)
Hibernate: insert into dice_roll (first_roll,id_player,second_roll,win,id_game) values (?,?,?,?,default)
Hibernate: insert into dice_roll (first_roll,id_player,second_roll,win,id_game) values (?,?,?,?,default)
Hibernate: insert into dice_roll (first_roll,id_player,second_roll,win,id_game) values (?,?,?,?,default)
Hibernate: select p1_0.id_player,p1_0.player_name,p1_0.registration_date,p1_0.success_rate from player p1_0
Hibernate: select p1_0.id_player,p1_0.player_name,p1_0.registration_date,p1_0.success_rate from player p1_0
Hibernate: select d1_0.id_game,d1_0.first_roll,d1_0.id_player,d1_0.second_roll,d1_0.win from dice_roll d1_0
]]></system-out>
  </testcase>
  <testcase name="getLoserTest" classname="cat.itacademy.barcelonactiva.GarciaBarros.Pablo.s05.t02.n03.repository.MySQLTest" time="0.034">
    <system-out><![CDATA[Hibernate: insert into player (player_name,registration_date,success_rate,id_player) values (?,?,?,default)
Hibernate: insert into player (player_name,registration_date,success_rate,id_player) values (?,?,?,default)
Hibernate: insert into player (player_name,registration_date,success_rate,id_player) values (?,?,?,default)
Hibernate: insert into player (player_name,registration_date,success_rate,id_player) values (?,?,?,default)
Hibernate: insert into dice_roll (first_roll,id_player,second_roll,win,id_game) values (?,?,?,?,default)
Hibernate: insert into dice_roll (first_roll,id_player,second_roll,win,id_game) values (?,?,?,?,default)
Hibernate: insert into dice_roll (first_roll,id_player,second_roll,win,id_game) values (?,?,?,?,default)
Hibernate: insert into dice_roll (first_roll,id_player,second_roll,win,id_game) values (?,?,?,?,default)
Hibernate: insert into dice_roll (first_roll,id_player,second_roll,win,id_game) values (?,?,?,?,default)
Hibernate: insert into dice_roll (first_roll,id_player,second_roll,win,id_game) values (?,?,?,?,default)
Hibernate: insert into dice_roll (first_roll,id_player,second_roll,win,id_game) values (?,?,?,?,default)
Hibernate: insert into dice_roll (first_roll,id_player,second_roll,win,id_game) values (?,?,?,?,default)
Hibernate: insert into dice_roll (first_roll,id_player,second_roll,win,id_game) values (?,?,?,?,default)
Hibernate: insert into dice_roll (first_roll,id_player,second_roll,win,id_game) values (?,?,?,?,default)
Hibernate: select p1_0.id_player,p1_0.player_name,p1_0.registration_date,(((sum(d1_0.win=true)*100)/count(d1_0.win))*1.0) from dice_roll d1_0 join player p1_0 on d1_0.id_player=p1_0.id_player group by p1_0.id_player,p1_0.player_name,p1_0.registration_date order by 4 fetch first 1 rows only
Hibernate: select p1_0.id_player,p1_0.player_name,p1_0.registration_date,p1_0.success_rate from player p1_0
Hibernate: select d1_0.id_game,d1_0.first_roll,d1_0.id_player,d1_0.second_roll,d1_0.win from dice_roll d1_0
]]></system-out>
  </testcase>
  <testcase name="getOnePlayerTest" classname="cat.itacademy.barcelonactiva.GarciaBarros.Pablo.s05.t02.n03.repository.MySQLTest" time="0.018">
    <system-out><![CDATA[Hibernate: insert into player (player_name,registration_date,success_rate,id_player) values (?,?,?,default)
Hibernate: insert into player (player_name,registration_date,success_rate,id_player) values (?,?,?,default)
Hibernate: insert into player (player_name,registration_date,success_rate,id_player) values (?,?,?,default)
Hibernate: insert into player (player_name,registration_date,success_rate,id_player) values (?,?,?,default)
Hibernate: insert into dice_roll (first_roll,id_player,second_roll,win,id_game) values (?,?,?,?,default)
Hibernate: insert into dice_roll (first_roll,id_player,second_roll,win,id_game) values (?,?,?,?,default)
Hibernate: insert into dice_roll (first_roll,id_player,second_roll,win,id_game) values (?,?,?,?,default)
Hibernate: insert into dice_roll (first_roll,id_player,second_roll,win,id_game) values (?,?,?,?,default)
Hibernate: insert into dice_roll (first_roll,id_player,second_roll,win,id_game) values (?,?,?,?,default)
Hibernate: insert into dice_roll (first_roll,id_player,second_roll,win,id_game) values (?,?,?,?,default)
Hibernate: insert into dice_roll (first_roll,id_player,second_roll,win,id_game) values (?,?,?,?,default)
Hibernate: insert into dice_roll (first_roll,id_player,second_roll,win,id_game) values (?,?,?,?,default)
Hibernate: insert into dice_roll (first_roll,id_player,second_roll,win,id_game) values (?,?,?,?,default)
Hibernate: insert into dice_roll (first_roll,id_player,second_roll,win,id_game) values (?,?,?,?,default)
Hibernate: insert into player (player_name,registration_date,success_rate,id_player) values (?,?,?,default)
Hibernate: insert into player (player_name,registration_date,success_rate,id_player) values (?,?,?,default)
Hibernate: select p1_0.id_player,p1_0.player_name,p1_0.registration_date,p1_0.success_rate from player p1_0
Hibernate: select d1_0.id_game,d1_0.first_roll,d1_0.id_player,d1_0.second_roll,d1_0.win from dice_roll d1_0
]]></system-out>
  </testcase>
  <testcase name="testGetRanking" classname="cat.itacademy.barcelonactiva.GarciaBarros.Pablo.s05.t02.n03.repository.MySQLTest" time="0.021">
    <system-out><![CDATA[Hibernate: insert into player (player_name,registration_date,success_rate,id_player) values (?,?,?,default)
Hibernate: insert into player (player_name,registration_date,success_rate,id_player) values (?,?,?,default)
Hibernate: insert into player (player_name,registration_date,success_rate,id_player) values (?,?,?,default)
Hibernate: insert into player (player_name,registration_date,success_rate,id_player) values (?,?,?,default)
Hibernate: insert into dice_roll (first_roll,id_player,second_roll,win,id_game) values (?,?,?,?,default)
Hibernate: insert into dice_roll (first_roll,id_player,second_roll,win,id_game) values (?,?,?,?,default)
Hibernate: insert into dice_roll (first_roll,id_player,second_roll,win,id_game) values (?,?,?,?,default)
Hibernate: insert into dice_roll (first_roll,id_player,second_roll,win,id_game) values (?,?,?,?,default)
Hibernate: insert into dice_roll (first_roll,id_player,second_roll,win,id_game) values (?,?,?,?,default)
Hibernate: insert into dice_roll (first_roll,id_player,second_roll,win,id_game) values (?,?,?,?,default)
Hibernate: insert into dice_roll (first_roll,id_player,second_roll,win,id_game) values (?,?,?,?,default)
Hibernate: insert into dice_roll (first_roll,id_player,second_roll,win,id_game) values (?,?,?,?,default)
Hibernate: insert into dice_roll (first_roll,id_player,second_roll,win,id_game) values (?,?,?,?,default)
Hibernate: insert into dice_roll (first_roll,id_player,second_roll,win,id_game) values (?,?,?,?,default)
Hibernate: select p1_0.id_player,p1_0.player_name,p1_0.registration_date,(((sum(d1_0.win=true)*100.0)/count(d1_0.win))*1.0) from dice_roll d1_0 join player p1_0 on d1_0.id_player=p1_0.id_player group by p1_0.id_player,p1_0.player_name,p1_0.registration_date
Hibernate: select p1_0.id_player,p1_0.player_name,p1_0.registration_date,p1_0.success_rate from player p1_0
Hibernate: select d1_0.id_game,d1_0.first_roll,d1_0.id_player,d1_0.second_roll,d1_0.win from dice_roll d1_0
]]></system-out>
  </testcase>
  <testcase name="getWinnerTest" classname="cat.itacademy.barcelonactiva.GarciaBarros.Pablo.s05.t02.n03.repository.MySQLTest" time="0.021">
    <system-out><![CDATA[Hibernate: insert into player (player_name,registration_date,success_rate,id_player) values (?,?,?,default)
Hibernate: insert into player (player_name,registration_date,success_rate,id_player) values (?,?,?,default)
Hibernate: insert into player (player_name,registration_date,success_rate,id_player) values (?,?,?,default)
Hibernate: insert into player (player_name,registration_date,success_rate,id_player) values (?,?,?,default)
Hibernate: insert into dice_roll (first_roll,id_player,second_roll,win,id_game) values (?,?,?,?,default)
Hibernate: insert into dice_roll (first_roll,id_player,second_roll,win,id_game) values (?,?,?,?,default)
Hibernate: insert into dice_roll (first_roll,id_player,second_roll,win,id_game) values (?,?,?,?,default)
Hibernate: insert into dice_roll (first_roll,id_player,second_roll,win,id_game) values (?,?,?,?,default)
Hibernate: insert into dice_roll (first_roll,id_player,second_roll,win,id_game) values (?,?,?,?,default)
Hibernate: insert into dice_roll (first_roll,id_player,second_roll,win,id_game) values (?,?,?,?,default)
Hibernate: insert into dice_roll (first_roll,id_player,second_roll,win,id_game) values (?,?,?,?,default)
Hibernate: insert into dice_roll (first_roll,id_player,second_roll,win,id_game) values (?,?,?,?,default)
Hibernate: insert into dice_roll (first_roll,id_player,second_roll,win,id_game) values (?,?,?,?,default)
Hibernate: insert into dice_roll (first_roll,id_player,second_roll,win,id_game) values (?,?,?,?,default)
Hibernate: select p1_0.id_player,p1_0.player_name,p1_0.registration_date,(((sum(d1_0.win=true)*100)/count(d1_0.win))*1.0) from dice_roll d1_0 join player p1_0 on d1_0.id_player=p1_0.id_player group by p1_0.id_player,p1_0.player_name,p1_0.registration_date order by 4 desc fetch first 1 rows only
Hibernate: select p1_0.id_player,p1_0.player_name,p1_0.registration_date,p1_0.success_rate from player p1_0
Hibernate: select d1_0.id_game,d1_0.first_roll,d1_0.id_player,d1_0.second_roll,d1_0.win from dice_roll d1_0
]]></system-out>
  </testcase>
</testsuite>